Determining if the pthread_create exist failed with the following output:
Change Dir: /home/xmy/wanderbot_ws/build/CMakeFiles/CMakeTmp

Run Build Command:"/usr/bin/make" "cmTC_156dc/fast"
/usr/bin/make -f CMakeFiles/cmTC_156dc.dir/build.make CMakeFiles/cmTC_156dc.dir/build
make[1]: Entering directory '/home/xmy/wanderbot_ws/build/CMakeFiles/CMakeTmp'
Building C object CMakeFiles/cmTC_156dc.dir/CheckSymbolExists.c.o
/usr/bin/cc     -o CMakeFiles/cmTC_156dc.dir/CheckSymbolExists.c.o   -c /home/xmy/wanderbot_ws/build/CMakeFiles/CMakeTmp/CheckSymbolExists.c
Linking C executable cmTC_156dc
/usr/bin/cmake -E cmake_link_script CMakeFiles/cmTC_156dc.dir/link.txt --verbose=1
/usr/bin/cc       CMakeFiles/cmTC_156dc.dir/CheckSymbolExists.c.o  -o cmTC_156dc -rdynamic 
CMakeFiles/cmTC_156dc.dir/CheckSymbolExists.c.o: In function `main':
CheckSymbolExists.c:(.text+0x16): undefined reference to `pthread_create'
collect2: error: ld returned 1 exit status
CMakeFiles/cmTC_156dc.dir/build.make:97: recipe for target 'cmTC_156dc' failed
make[1]: *** [cmTC_156dc] Error 1
make[1]: Leaving directory '/home/xmy/wanderbot_ws/build/CMakeFiles/CMakeTmp'
Makefile:126: recipe for target 'cmTC_156dc/fast' failed
make: *** [cmTC_156dc/fast] Error 2

File /home/xmy/wanderbot_ws/build/CMakeFiles/CMakeTmp/CheckSymbolExists.c:
/* */
#include <pthread.h>

int main(int argc, char** argv)
{
  (void)argv;
#ifndef pthread_create
  return ((int*)(&pthread_create))[argc];
#else
  (void)argc;
  return 0;
#endif
}

Determining if the function pthread_create exists in the pthreads failed with the following output:
Change Dir: /home/xmy/wanderbot_ws/build/CMakeFiles/CMakeTmp

Run Build Command:"/usr/bin/make" "cmTC_94c3a/fast"
/usr/bin/make -f CMakeFiles/cmTC_94c3a.dir/build.make CMakeFiles/cmTC_94c3a.dir/build
make[1]: Entering directory '/home/xmy/wanderbot_ws/build/CMakeFiles/CMakeTmp'
Building C object CMakeFiles/cmTC_94c3a.dir/CheckFunctionExists.c.o
/usr/bin/cc    -DCHECK_FUNCTION_EXISTS=pthread_create   -o CMakeFiles/cmTC_94c3a.dir/CheckFunctionExists.c.o   -c /usr/share/cmake-3.5/Modules/CheckFunctionExists.c
Linking C executable cmTC_94c3a
/usr/bin/cmake -E cmake_link_script CMakeFiles/cmTC_94c3a.dir/link.txt --verbose=1
/usr/bin/cc   -DCHECK_FUNCTION_EXISTS=pthread_create    CMakeFiles/cmTC_94c3a.dir/CheckFunctionExists.c.o  -o cmTC_94c3a -rdynamic -lpthreads 
/usr/bin/ld: cannot find -lpthreads
collect2: error: ld returned 1 exit status
CMakeFiles/cmTC_94c3a.dir/build.make:97: recipe for target 'cmTC_94c3a' failed
make[1]: *** [cmTC_94c3a] Error 1
make[1]: Leaving directory '/home/xmy/wanderbot_ws/build/CMakeFiles/CMakeTmp'
Makefile:126: recipe for target 'cmTC_94c3a/fast' failed
make: *** [cmTC_94c3a/fast] Error 2


